{
  "RSpec": {
    "coverage": {
      "/Users/Gabri/Desktop/My apprenticeship/IPM/battleship/spec/computer_spec.rb": [
        1,
        1,
        null,
        1,
        null,
        4,
        4,
        4,
        null,
        1,
        1,
        null,
        1,
        null,
        null,
        1,
        1,
        null,
        1,
        1,
        1,
        1,
        1,
        null,
        1,
        1,
        1,
        1,
        null,
        null,
        null,
        1,
        1,
        1,
        null,
        1,
        null,
        1,
        null,
        null,
        null
      ],
      "/Users/Gabri/Desktop/My apprenticeship/IPM/battleship/lib/computer.rb": [
        1,
        null,
        1,
        3,
        3,
        3,
        null,
        null,
        1,
        1,
        6,
        6,
        6,
        6,
        6,
        null,
        null,
        null,
        1,
        7,
        null,
        null,
        1,
        7,
        77,
        77,
        7,
        7,
        null,
        null,
        null
      ],
      "/Users/Gabri/Desktop/My apprenticeship/IPM/battleship/spec/create_ship_spec.rb": [
        1,
        1,
        null,
        1,
        null,
        5,
        null,
        1,
        1,
        null,
        1,
        null,
        null,
        1,
        1,
        null,
        1,
        null,
        null,
        1,
        1,
        null,
        1,
        null,
        null,
        1,
        1,
        null,
        1,
        null,
        null,
        null
      ],
      "/Users/Gabri/Desktop/My apprenticeship/IPM/battleship/lib/create_ship.rb": [
        1,
        null,
        1,
        16,
        null,
        5,
        null,
        5,
        null,
        3,
        null,
        3,
        null,
        null,
        null,
        null
      ],
      "/Users/Gabri/Desktop/My apprenticeship/IPM/battleship/spec/game_spec.rb": [
        1,
        1,
        null,
        1,
        null,
        2,
        2,
        2,
        2,
        2,
        2,
        null,
        1,
        1,
        null,
        1,
        1,
        null,
        1,
        null,
        null,
        null
      ],
      "/Users/Gabri/Desktop/My apprenticeship/IPM/battleship/lib/game.rb": [
        1,
        null,
        1,
        1,
        1,
        1,
        1,
        1,
        1,
        1,
        null,
        null,
        1,
        1,
        1,
        1,
        1,
        1,
        1,
        null,
        null,
        1,
        null,
        1,
        1,
        6,
        6,
        6,
        6,
        6,
        null,
        null,
        null,
        null,
        null,
        null,
        1,
        1,
        14,
        14,
        14,
        14,
        14,
        null,
        null,
        null,
        1,
        1,
        1,
        null,
        null,
        1,
        6,
        6,
        6,
        6,
        null,
        null,
        1,
        14,
        14,
        2,
        null,
        14,
        null,
        null,
        1,
        6,
        6,
        1,
        null,
        6,
        null,
        null,
        1,
        6,
        6,
        6,
        3,
        3,
        null,
        0,
        null,
        3,
        null,
        6,
        null,
        null,
        1,
        14,
        13,
        13,
        6,
        6,
        null,
        null,
        null,
        null,
        null
      ],
      "/Users/Gabri/Desktop/My apprenticeship/IPM/battleship/spec/grid_display_spec.rb": [
        1,
        1,
        null,
        1,
        null,
        15,
        null,
        1,
        1,
        1,
        null,
        1,
        null,
        1,
        null,
        null,
        1,
        1,
        null,
        1,
        null,
        1,
        null,
        null,
        1,
        1,
        null,
        1,
        null,
        1,
        null,
        null,
        1,
        1,
        null,
        1,
        null,
        1,
        null,
        null,
        null,
        1,
        1,
        1,
        null,
        1,
        null,
        1,
        null,
        null,
        1,
        1,
        null,
        1,
        null,
        1,
        null,
        null,
        1,
        1,
        null,
        1,
        null,
        1,
        null,
        null,
        1,
        1,
        null,
        1,
        null,
        1,
        null,
        null,
        null,
        1,
        1,
        1,
        null,
        1,
        null,
        1,
        null,
        null,
        1,
        1,
        null,
        1,
        1,
        null,
        1,
        1,
        null,
        null,
        1,
        1,
        null,
        1,
        1,
        1,
        null,
        1,
        1,
        1,
        null,
        null,
        1,
        1,
        null,
        1,
        1,
        1,
        1,
        null,
        1,
        1,
        1,
        1,
        null,
        null,
        null,
        1,
        1,
        1,
        1,
        1,
        null,
        1,
        null,
        1,
        null,
        null,
        1,
        1,
        1,
        1,
        null,
        1,
        null,
        1,
        null,
        null,
        null,
        null
      ],
      "/Users/Gabri/Desktop/My apprenticeship/IPM/battleship/lib/grid_display.rb": [
        1,
        null,
        1,
        null,
        1,
        34,
        null,
        null,
        null,
        null,
        null,
        null,
        null,
        null,
        null,
        null,
        null,
        null,
        null,
        null,
        1,
        18,
        18,
        18,
        null,
        null,
        1,
        6,
        6,
        6,
        null,
        null,
        1,
        10,
        23,
        23,
        23,
        null,
        null,
        null,
        1,
        16,
        14,
        2,
        2,
        null,
        null,
        null,
        1,
        null,
        1,
        null,
        null,
        null,
        null,
        null,
        null,
        null,
        null,
        null,
        null,
        47,
        null,
        null,
        null
      ],
      "/Users/Gabri/Desktop/My apprenticeship/IPM/battleship/spec/grid_spec.rb": [
        1,
        1,
        null,
        1,
        null,
        13,
        1,
        1,
        null,
        1,
        1,
        1,
        null,
        1,
        null,
        1,
        null,
        null,
        1,
        1,
        null,
        1,
        null,
        1,
        null,
        null,
        1,
        1,
        null,
        1,
        null,
        1,
        null,
        null,
        1,
        1,
        null,
        1,
        null,
        1,
        null,
        null,
        null,
        1,
        1,
        1,
        null,
        1,
        null,
        1,
        null,
        null,
        1,
        1,
        null,
        1,
        null,
        1,
        null,
        null,
        null,
        1,
        1,
        1,
        null,
        1,
        1,
        null,
        1,
        null,
        null,
        1,
        1,
        null,
        1,
        1,
        null,
        1,
        null,
        null,
        1,
        1,
        null,
        1,
        null,
        null,
        null,
        1,
        3,
        3,
        3,
        3,
        null,
        null,
        1,
        1,
        null,
        1,
        null,
        1,
        null,
        null,
        1,
        1,
        1,
        null,
        1,
        null,
        1,
        null,
        null,
        1,
        1,
        1,
        1,
        1,
        null,
        1,
        null,
        1,
        null,
        null,
        null
      ],
      "/Users/Gabri/Desktop/My apprenticeship/IPM/battleship/lib/grid.rb": [
        1,
        1,
        null,
        1,
        null,
        1,
        null,
        1,
        36,
        36,
        null,
        null,
        1,
        29,
        null,
        null,
        1,
        2,
        2,
        null,
        null,
        1,
        32,
        122,
        28,
        null,
        null,
        null,
        null,
        null,
        1,
        10,
        9,
        null,
        null,
        null,
        1,
        17,
        null,
        null,
        1,
        null,
        1,
        29,
        14,
        15,
        15,
        null,
        null,
        null,
        null
      ],
      "/Users/Gabri/Desktop/My apprenticeship/IPM/battleship/lib/orientation.rb": [
        1,
        null,
        1,
        15,
        15,
        22,
        22,
        null,
        15,
        null,
        null,
        1,
        16,
        392,
        16,
        18,
        18,
        null,
        16,
        null,
        null,
        null
      ],
      "/Users/Gabri/Desktop/My apprenticeship/IPM/battleship/lib/ship.rb": [
        1,
        null,
        1,
        null,
        1,
        null,
        1,
        51,
        51,
        51,
        null,
        null,
        1,
        7,
        null,
        null,
        1,
        26,
        null,
        null,
        1,
        2,
        null,
        null,
        1,
        39,
        null,
        null,
        null
      ],
      "/Users/Gabri/Desktop/My apprenticeship/IPM/battleship/spec/orientation_spec.rb": [
        1,
        1,
        null,
        1,
        null,
        3,
        null,
        1,
        1,
        null,
        1,
        null,
        null,
        1,
        1,
        null,
        1,
        null,
        null,
        null
      ],
      "/Users/Gabri/Desktop/My apprenticeship/IPM/battleship/spec/player_spec.rb": [
        1,
        1,
        null,
        1,
        null,
        4,
        4,
        null,
        1,
        1,
        1,
        1,
        1,
        null,
        1,
        1,
        null,
        1,
        1,
        null,
        null,
        1,
        1,
        1,
        1,
        1,
        null,
        1,
        null,
        1,
        null,
        null,
        1,
        1,
        null,
        1,
        1,
        null,
        1,
        1,
        1,
        null,
        1,
        1,
        1,
        null,
        null,
        null,
        null
      ],
      "/Users/Gabri/Desktop/My apprenticeship/IPM/battleship/lib/player.rb": [
        1,
        1,
        null,
        1,
        null,
        1,
        4,
        4,
        4,
        null,
        null,
        1,
        8,
        null,
        null,
        1,
        16,
        16,
        null,
        null,
        1,
        null,
        1,
        16,
        null,
        null,
        1,
        14,
        14,
        14,
        null,
        null,
        1,
        14,
        6,
        null,
        null,
        null,
        null
      ],
      "/Users/Gabri/Desktop/My apprenticeship/IPM/battleship/spec/ship_spec.rb": [
        1,
        1,
        null,
        1,
        null,
        2,
        null,
        1,
        1,
        null,
        1,
        null,
        1,
        null,
        null,
        1,
        1,
        1,
        1,
        null,
        1,
        1,
        null,
        1,
        null,
        null,
        1,
        1,
        1,
        1,
        null,
        1,
        1,
        null,
        1,
        null,
        null,
        1,
        1,
        1,
        null,
        1,
        null,
        1,
        null,
        null,
        1,
        1,
        1,
        1,
        null,
        1,
        1,
        1,
        null,
        1,
        null,
        null,
        null
      ],
      "/Users/Gabri/Desktop/My apprenticeship/IPM/battleship/spec/ships_list_spec.rb": [
        1,
        1,
        null,
        1,
        null,
        5,
        null,
        1,
        8,
        null,
        null,
        1,
        1,
        null,
        1,
        null,
        null,
        1,
        1,
        null,
        1,
        null,
        1,
        1,
        null,
        null,
        1,
        1,
        null,
        1,
        null,
        null,
        1,
        1,
        null,
        1,
        null,
        1,
        null,
        null,
        null
      ],
      "/Users/Gabri/Desktop/My apprenticeship/IPM/battleship/lib/ships_list.rb": [
        1,
        null,
        1,
        null,
        1,
        10,
        null,
        null,
        null,
        null,
        null,
        null,
        1,
        14,
        14,
        14,
        9,
        null,
        null,
        null,
        null,
        1,
        7,
        null,
        null,
        null
      ],
      "/Users/Gabri/Desktop/My apprenticeship/IPM/battleship/spec/ui_spec.rb": [
        1,
        1,
        1,
        1,
        1,
        null,
        1,
        null,
        16,
        6,
        16,
        6,
        1,
        3,
        null,
        1,
        1,
        null,
        1,
        null,
        null,
        1,
        1,
        1,
        null,
        1,
        null,
        1,
        1,
        null,
        null,
        1,
        1,
        null,
        1,
        null,
        null,
        null,
        1,
        1,
        null,
        1,
        null,
        null,
        1,
        1,
        null,
        1,
        null,
        null,
        1,
        1,
        1,
        null,
        1,
        null,
        1,
        null,
        null,
        1,
        1,
        1,
        null,
        1,
        null,
        1,
        1,
        null,
        null,
        1,
        1,
        1,
        null,
        1,
        null,
        1,
        1,
        null,
        null,
        1,
        1,
        1,
        null,
        1,
        null,
        1,
        1,
        null,
        null,
        1,
        1,
        1,
        null,
        1,
        null,
        1,
        1,
        null,
        null,
        1,
        1,
        null,
        1,
        null,
        null,
        1,
        1,
        1,
        null,
        1,
        null,
        1,
        1,
        null,
        null,
        1,
        1,
        1,
        null,
        1,
        null,
        1,
        1,
        null,
        null,
        1,
        1,
        1,
        null,
        1,
        null,
        1,
        1,
        null,
        null,
        1,
        1,
        1,
        null,
        1,
        null,
        1,
        1,
        null,
        null,
        null
      ],
      "/Users/Gabri/Desktop/My apprenticeship/IPM/battleship/lib/ui.rb": [
        1,
        null,
        1,
        16,
        16,
        16,
        16,
        null,
        null,
        1,
        2,
        null,
        null,
        1,
        2,
        2,
        null,
        null,
        1,
        22,
        null,
        null,
        1,
        7,
        null,
        null,
        1,
        7,
        7,
        21,
        21,
        null,
        null,
        null,
        1,
        7,
        null,
        null,
        1,
        8,
        8,
        8,
        null,
        null,
        1,
        2,
        2,
        null,
        null,
        1,
        15,
        15,
        15,
        null,
        null,
        1,
        2,
        null,
        null,
        1,
        2,
        2,
        null,
        null,
        1,
        4,
        4,
        4,
        null,
        null,
        1,
        1,
        1,
        1,
        null,
        null,
        1,
        3,
        3,
        3,
        null,
        null,
        1,
        null,
        1,
        13,
        2,
        null,
        10,
        null,
        13,
        null,
        null
      ],
      "/Users/Gabri/Desktop/My apprenticeship/IPM/battleship/spec/validations_spec.rb": [
        1,
        1,
        1,
        null,
        1,
        null,
        20,
        14,
        null,
        1,
        1,
        1,
        null,
        1,
        null,
        null,
        1,
        1,
        null,
        1,
        null,
        null,
        1,
        1,
        null,
        1,
        null,
        null,
        null,
        1,
        1,
        1,
        1,
        null,
        1,
        null,
        null,
        1,
        1,
        1,
        null,
        1,
        null,
        null,
        1,
        1,
        1,
        null,
        1,
        null,
        null,
        1,
        1,
        1,
        null,
        1,
        null,
        null,
        1,
        1,
        1,
        null,
        1,
        null,
        null,
        1,
        1,
        1,
        null,
        1,
        null,
        null,
        1,
        1,
        1,
        null,
        1,
        null,
        null,
        null,
        1,
        1,
        1,
        null,
        1,
        null,
        1,
        null,
        null,
        1,
        1,
        null,
        1,
        null,
        1,
        null,
        null,
        1,
        1,
        null,
        1,
        null,
        1,
        null,
        null,
        1,
        1,
        null,
        1,
        null,
        1,
        null,
        null,
        1,
        1,
        null,
        1,
        null,
        1,
        null,
        null,
        1,
        1,
        null,
        1,
        null,
        1,
        null,
        null,
        null,
        1,
        1,
        1,
        null,
        1,
        null,
        null,
        1,
        1,
        null,
        1,
        null,
        null,
        1,
        1,
        null,
        1,
        null,
        null,
        null,
        null
      ],
      "/Users/Gabri/Desktop/My apprenticeship/IPM/battleship/lib/validations.rb": [
        1,
        null,
        1,
        10,
        10,
        3,
        null,
        7,
        null,
        null,
        null,
        1,
        22,
        9,
        13,
        4,
        null,
        9,
        null,
        null,
        null,
        1,
        19,
        4,
        null,
        15,
        null,
        null,
        null,
        1,
        null,
        1,
        13,
        null,
        null,
        1,
        3,
        null,
        null,
        1,
        10,
        null,
        null,
        1,
        null,
        null,
        null,
        null,
        null,
        null,
        null,
        null,
        null,
        null,
        3,
        null,
        null,
        1,
        22,
        null,
        null,
        1,
        14,
        null,
        null,
        1,
        41,
        null,
        null,
        1,
        32,
        null,
        null,
        1,
        22,
        9,
        null,
        13,
        null,
        null,
        null,
        1,
        13,
        4,
        null,
        9,
        null,
        null,
        null,
        null
      ]
    },
    "timestamp": 1497368398
  }
}
